# Anti-no-op revert evidence for PR 2 / issue #14
#
# To prove PR 2's three new tests aren't vacuous, the new install machinery
# was temporarily moved aside:
#
#   mv tools/install_satellite.py    /tmp/install_satellite.py.bak
#   mv tools/satellite-template      /tmp/satellite-template.bak
#
# (The new tests themselves stayed in tests/.) The suite then reports the
# suite-level result followed by the direct invocation of each new test,
# which surfaces the specific contract gap each one is locking in. After
# capturing this, both pieces were restored and the suite is green again
# (Summary: 11 passed, 0 failed) — see verification.log.

PASS tests/test_adversarial_pass_convention.sh
PASS tests/test_bug_fix_test_first_convention.sh
PASS tests/test_ci_gate_workflow.sh
PASS tests/test_demo_convention.sh
FAIL tests/test_install_satellite_fresh.sh
FAIL tests/test_install_satellite_mature.sh
PASS tests/test_pre_mortem_convention.sh
PASS tests/test_reusable_workflows.sh
PASS tests/test_revert_evidence_convention.sh
FAIL tests/test_satellite_template.sh
PASS tests/test_test_per_criterion_convention.sh

Summary: 8 passed, 3 failed (of 11 tests).

Failing tests (re-run individually for details):
  tests/test_install_satellite_fresh.sh
  tests/test_install_satellite_mature.sh
  tests/test_satellite_template.sh

# Direct invocations of the three failing tests, showing the specific
# contract gap each one catches:
FAIL: satellite template is missing .github/workflows/maestro-implement.yml
FAIL: install_satellite.py exited non-zero on a fresh target:\npython3: can't open file '/home/user/maestro/tools/install_satellite.py': [Errno 2] No such file or directory
FAIL: install --dry-run exited non-zero on a mature target:\npython3: can't open file '/home/user/maestro/tools/install_satellite.py': [Errno 2] No such file or directory
